<?xml version="1.0" encoding="UTF-8"?>
<testng-results ignored="0" total="1" passed="1" failed="0" skipped="0">
  <reporter-output>
  </reporter-output>
  <suite started-at="2022-09-30T14:42:36 IST" name="Default suite" finished-at="2022-09-30T14:42:36 IST" duration-ms="74">
    <groups>
    </groups>
    <test started-at="2022-09-30T14:42:36 IST" name="Default test" finished-at="2022-09-30T14:42:36 IST" duration-ms="74">
      <class name="githubPackage.CreateTest">
        <test-method signature="create()[pri:0, instance:githubPackage.CreateTest@72a7c7e0]" started-at="2022-09-30T14:42:36 IST" name="create" finished-at="2022-09-30T14:42:36 IST" duration-ms="17" status="PASS">
          <reporter-output>
          </reporter-output>
        </test-method> <!-- create -->
      </class> <!-- githubPackage.CreateTest -->
    </test> <!-- Default test -->
  </suite> <!-- Default suite -->
</testng-results>
