<?xml version="1.0" encoding="UTF-8"?>
<testng-results ignored="0" total="2" passed="2" failed="0" skipped="0">
  <reporter-output>
  </reporter-output>
  <suite started-at="2022-09-27T16:20:44 IST" name="Default suite" finished-at="2022-09-27T16:20:44 IST" duration-ms="68">
    <groups>
    </groups>
    <test started-at="2022-09-27T16:20:44 IST" name="Default test" finished-at="2022-09-27T16:20:44 IST" duration-ms="68">
      <class name="githubPackage.CreateTest">
        <test-method signature="create()[pri:0, instance:githubPackage.CreateTest@732c2a62]" started-at="2022-09-27T16:20:44 IST" name="create" finished-at="2022-09-27T16:20:44 IST" duration-ms="12" status="PASS">
          <reporter-output>
          </reporter-output>
        </test-method> <!-- create -->
        <test-method signature="modify()[pri:0, instance:githubPackage.CreateTest@732c2a62]" started-at="2022-09-27T16:20:44 IST" name="modify" finished-at="2022-09-27T16:20:44 IST" duration-ms="4" status="PASS">
          <reporter-output>
          </reporter-output>
        </test-method> <!-- modify -->
      </class> <!-- githubPackage.CreateTest -->
    </test> <!-- Default test -->
  </suite> <!-- Default suite -->
</testng-results>
